2016-09-02 00:00:06|INFO|用户快捷登录：|00000000037
2016-09-02 00:00:15|INFO|DDZ2016090299534953 扫码出库|6921734976512
2016-09-02 00:00:40|INFO|用户快捷登录：|00000000037
2016-09-02 08:08:07|INFO|用户快捷登录：|00000000037
2016-09-02 08:09:23|INFO|用户快捷登录：|00000000037
2016-09-02 08:10:47|INFO|用户快捷登录：|00000000037
2016-09-02 08:12:14|INFO|用户快捷登录：|00000000037
2016-09-02 08:13:11|INFO|用户快捷登录：|00000000037
2016-09-02 08:15:03|INFO|用户快捷登录：|00000000037
2016-09-02 09:28:31|INFO|用户快捷登录：|00000000077
2016-09-02 09:31:22|INFO|用户快捷登录：|00000000077
2016-09-02 10:14:08|INFO|9 库存不足 1
2016-09-02 11:07:35|INFO|用户快捷登录：|00000000077
2016-09-02 11:23:28|INFO|用户快捷登录：|00000000077
2016-09-02 11:23:34|INFO|DDC2016090250995552 扫码出库|6921734976512
2016-09-02 11:24:03|INFO|DDC2016090210155525 扫码出库|6921734976512
2016-09-02 11:24:27|INFO|DDR2016090256501015|6921734976512
2016-09-02 11:24:27|INFO|类别未登录：|6921734976512
2016-09-02 11:24:35|INFO|订单入库|DDR2016090256501015
2016-09-02 11:24:47|INFO|DDC2016090299565197 扫码出库|6921734976512
2016-09-02 11:31:24|INFO|用户快捷登录：|00000000077
2016-09-02 11:31:29|INFO|DDC2016090210249100 扫码出库|6921734976512
2016-09-02 11:35:15|INFO|用户快捷登录：|00000000077
2016-09-02 11:35:32|INFO|DDC2016090249535799 扫码出库|6921734976512
2016-09-02 13:05:41|INFO|用户快捷登录：|00000000077
2016-09-02 13:05:48|INFO|DDC2016090257539757 扫码出库|6921734976512
2016-09-02 13:09:13|INFO|用户快捷登录：|00000000077
2016-09-02 13:09:19|INFO|DDC2016090210053491 扫码出库|6921734976512
2016-09-02 13:09:44|INFO|DDC2016090210053491 修改信息 6921734976512 , 10|1
2016-09-02 13:09:45|INFO|DDC2016090210053491 修改信息 6921734976512 , 10|1
2016-09-02 13:09:46|INFO|DDC2016090210053491 修改信息 6921734976512 , 10|1
2016-09-02 13:09:46|INFO|DDC2016090210053491 修改信息 6921734976512 , 10|0
2016-09-02 13:13:13|INFO|用户快捷登录：|00000000077
2016-09-02 13:13:41|INFO|用户快捷登录：|00000000077
2016-09-02 13:13:49|INFO|DDC2016090255574853 扫码出库|6921734976512
2016-09-02 13:13:53|INFO|DDC2016090255574853 扫码出库|6921734976512
2016-09-02 13:14:04|INFO|DDC2016090255574853 修改信息 6921734976512 , 10|1
2016-09-02 13:14:16|INFO|DDC2016090255574853 修改信息 6921734976512 , 10|1
2016-09-02 13:18:39|INFO|用户快捷登录：|00000000077
2016-09-02 13:18:47|INFO|DDR2016090252495455|6921734976512
2016-09-02 13:18:47|INFO|类别未登录：|6921734976512
2016-09-02 13:19:07|INFO|DDC2016090257501009 扫码出库|6921734976512
2016-09-02 13:21:17|INFO|DDR2016090297571025|6921734976512
2016-09-02 13:21:17|INFO|类别未登录：|6921734976512
2016-09-02 13:23:44|INFO|用户快捷登录：|00000000077
2016-09-02 13:23:47|INFO|用户快捷登录：|00000000077
2016-09-02 13:24:05|INFO|DDC2016090253971021 扫码出库|6921734976512
2016-09-02 13:24:51|INFO|DDR2016090256534955|6921734976512
2016-09-02 13:24:51|INFO|类别未登录：|6921734976512
2016-09-02 13:25:02|INFO|DDR2016090252971009|6921734976512
2016-09-02 13:25:02|INFO|类别未登录：|6921734976512
2016-09-02 13:25:23|INFO|用户快捷登录：|00000000077
2016-09-02 13:25:37|INFO|用户快捷登录：|00000000077
2016-09-02 13:25:47|INFO|DDR2016090257489997|6921734976512
2016-09-02 13:25:47|INFO|类别未登录：|6921734976512
2016-09-02 13:28:27|INFO|DDZ2016090297971015 扫码出库|6921734976512
2016-09-02 13:35:49|INFO|用户快捷登录：|00000000077
2016-09-02 13:36:49|INFO|用户快捷登录：|00000000077
2016-09-02 13:36:58|INFO|9 库存不足 1
2016-09-02 13:37:06|INFO|9 库存不足 1
2016-09-02 13:37:07|INFO|9 库存不足 1
2016-09-02 13:37:07|INFO|9 库存不足 1
2016-09-02 13:37:09|INFO|9 库存不足 1
2016-09-02 13:37:31|INFO|用户快捷登录：|00000000077
2016-09-02 13:37:35|INFO|DDC2016090210110110 扫码出库|6921734976512
2016-09-02 13:39:16|INFO|用户快捷登录：|00000000077
2016-09-02 13:40:59|INFO|用户快捷登录：|00000000077
2016-09-02 13:41:06|INFO|DDC2016090248101984 扫码出库|6921734976512
2016-09-02 13:42:22|INFO|用户快捷登录：|00000000077
2016-09-02 13:42:29|INFO|9 库存不足 1
2016-09-02 13:42:34|INFO|9 库存不足 1
2016-09-02 13:42:35|INFO|9 库存不足 1
2016-09-02 13:42:36|INFO|9 库存不足 1
2016-09-02 13:43:09|INFO|9 库存不足 1
2016-09-02 13:44:30|INFO|9 库存不足 1
2016-09-02 13:44:33|INFO|9 库存不足 1
2016-09-02 13:44:34|INFO|9 库存不足 1
2016-09-02 13:44:35|INFO|9 库存不足 1
2016-09-02 13:48:12|INFO|用户快捷登录：|00000000077
2016-09-02 13:48:22|INFO|9 库存不足 1
2016-09-02 13:49:45|INFO|9 库存不足 1
2016-09-02 13:51:25|INFO|用户快捷登录：|00000000077
2016-09-02 13:51:32|INFO|DDC2016090249101989 扫码出库|6921734976512
2016-09-02 13:52:26|INFO|用户快捷登录：|00000000077
2016-09-02 13:52:32|INFO|DDC2016090210055515 扫码出库|6921734976512
2016-09-02 13:52:45|INFO|用户快捷登录：|00000000077
2016-09-02 13:52:50|INFO|DDR2016090248994998|6921734976512
2016-09-02 13:52:50|INFO|类别未登录：|6921734976512
2016-09-02 13:53:03|INFO|DDC2016090299981014 扫码出库|6921734976512
2016-09-02 13:55:13|INFO|用户快捷登录：|00000000077
2016-09-02 13:55:19|INFO|DDC2016090254484810 扫码出库|6921734976512
2016-09-02 14:06:18|INFO|用户快捷登录：|00000000077
2016-09-02 14:06:26|INFO|DDC2016090248569848 扫码出库|6921734976512
2016-09-02 14:34:54|INFO|用户快捷登录：|00000000077
2016-09-02 14:35:03|INFO|DDC2016090248575457 扫码出库|6921734976512
2016-09-02 14:36:55|INFO|用户快捷登录：|00000000077
2016-09-02 14:37:01|INFO|DDC2016090297544853 扫码出库|6921734976512
2016-09-02 14:37:21|INFO|订单入库|DDC2016090297544853
2016-09-02 14:39:45|INFO|用户快捷登录：|00000000077
2016-09-02 14:39:49|INFO|DDC2016090251535510 扫码出库|6921734976512
2016-09-02 14:39:54|INFO|订单入库|DDC2016090251535510
2016-09-02 14:42:04|INFO|用户快捷登录：|00000000077
2016-09-02 14:42:11|INFO|DDC2016090210110151 扫码出库|6921734976512
2016-09-02 14:46:07|INFO|用户快捷登录：|00000000077
2016-09-02 14:46:16|INFO|DDC2016090255499757 扫码出库|6921734976512
2016-09-02 14:46:41|INFO|订单入库|DDC2016090255499757
2016-09-02 14:55:15|INFO|用户快捷登录：|00000000077
2016-09-02 14:56:13|INFO|用户快捷登录：|00000000077
2016-09-02 14:57:33|INFO|用户快捷登录：|00000000077
2016-09-02 14:57:38|INFO|DDC2016090248981015 扫码出库|6921734976512
2016-09-02 14:57:48|INFO|DDR2016090298579797|6921734976512
2016-09-02 14:57:48|INFO|类别未登录：|6921734976512
2016-09-02 14:57:53|INFO|订单入库|DDR2016090298579797
2016-09-02 14:59:04|INFO|用户快捷登录：|00000000077
2016-09-02 14:59:09|INFO|DDR2016090299999910|6921734976512
2016-09-02 14:59:09|INFO|类别未登录：|6921734976512
2016-09-02 14:59:13|INFO|订单入库|DDR2016090299999910
2016-09-02 15:00:20|INFO|用户快捷登录：|00000000077
2016-09-02 15:03:10|INFO|用户快捷登录：|00000000077
2016-09-02 15:03:26|INFO|DDZ2016090251995256 扫码出库|6921734976512
2016-09-02 15:06:36|INFO|用户快捷登录：|00000000077
2016-09-02 15:32:54|INFO|用户快捷登录：|00000000077
2016-09-02 15:33:06|INFO|DDZ2016090248575598 扫码出库|6921734976512
2016-09-02 15:33:21|INFO|用户快捷登录：|00000000077
2016-09-02 15:33:31|INFO|DDZ2016090256100499 扫码出库|6921734976512
2016-09-02 15:59:09|INFO|用户快捷登录：|00000000077
2016-09-02 15:59:23|INFO|DDZ2016090257544853 扫码出库|6921734976512
2016-09-02 16:00:53|INFO|用户快捷登录：|00000000077
2016-09-02 16:02:10|INFO|用户快捷登录：|00000000077
2016-09-02 16:02:37|INFO|DDZ2016090298545399 扫码出库|6921734976512
2016-09-02 16:02:57|INFO|用户快捷登录：|00000000077
2016-09-02 16:04:01|INFO|DDZ2016090298565799 扫码出库|6921734976512
2016-09-02 16:04:36|INFO|用户快捷登录：|00000000077
2016-09-02 16:04:44|INFO|DDZ2016090298102514 扫码出库|6921734976512
2016-09-02 16:11:51|INFO|用户快捷登录：|00000000077
2016-09-02 16:11:59|INFO|DDZ2016090210099102 扫码出库|6921734976512
2016-09-02 16:13:43|INFO|用户快捷登录：|00000000077
2016-09-02 16:13:55|INFO|DDZ2016090210210197 扫码出库|6921734976512
2016-09-02 16:14:32|INFO|用户快捷登录：|00000000077
2016-09-02 16:14:40|INFO|DDZ2016090248529757 扫码出库|6921734976512
2016-09-02 16:16:41|INFO|DDZ2016090254551021 扫码出库|6921734976512
2016-09-02 16:17:51|INFO|用户快捷登录：|00000000077
2016-09-02 16:18:01|INFO|DDZ2016090254555199 扫码出库|6921734976512
2016-09-02 16:18:33|INFO|用户快捷登录：|00000000077
2016-09-02 16:18:41|INFO|DDZ2016090210298535 扫码出库|6921734976512
2016-09-02 16:22:54|INFO|用户快捷登录：|00000000077
2016-09-02 16:23:02|INFO|DDZ2016090251545156 扫码出库|6921734976512
2016-09-02 16:23:40|INFO|用户快捷登录：|00000000077
2016-09-02 16:23:49|INFO|9 库存不足 1
2016-09-02 16:23:55|INFO|9 库存不足 1
2016-09-02 16:23:56|INFO|9 库存不足 1
2016-09-02 16:23:57|INFO|9 库存不足 1
2016-09-02 16:24:14|INFO|DDZ2016090250971025 扫码出库|6921734976512
2016-09-02 16:24:49|INFO|用户快捷登录：|00000000077
2016-09-02 16:25:17|INFO|DDZ2016090256541025 扫码出库|6921734976512
2016-09-02 16:26:12|INFO|用户快捷登录：|00000000077
2016-09-02 16:26:21|INFO|DDZ2016090298519997 扫码出库|6921734976512
2016-09-02 16:27:00|INFO|用户快捷登录：|00000000077
2016-09-02 16:27:17|INFO|9 库存不足 1
2016-09-02 16:27:29|INFO|DDZ2016090249995657 扫码出库|6921734976512
2016-09-02 16:27:30|INFO|DDZ2016090249995657 扫码出库|6921734976512
2016-09-02 16:29:08|INFO|订单入库|DDZ2016090249995657
2016-09-02 16:29:32|INFO|DDZ2016090254100505 扫码出库|6921734976512
2016-09-02 16:30:45|INFO|DDZ2016090254100505 修改信息 6921734976512 , 1|1
2016-09-02 16:34:49|INFO|用户快捷登录：|00000000077
2016-09-02 17:05:42|INFO|用户快捷登录：|00000000077
2016-09-02 17:08:26|INFO|用户快捷登录：|00000000037
2016-09-02 17:09:57|INFO|用户快捷登录：|00000000037
2016-09-02 17:13:18|INFO|用户快捷登录：|00000000037
2016-09-02 17:14:34|INFO|用户快捷登录：|00000000037
2016-09-02 17:17:04|INFO|用户快捷登录：|00000000037
2016-09-02 17:18:53|INFO|用户快捷登录：|00000000037
2016-09-02 17:24:42|INFO|用户快捷登录：|00000000037
2016-09-02 17:28:09|INFO|用户快捷登录：|00000000037
2016-09-02 17:31:51|INFO|用户快捷登录：|00000000037
2016-09-02 17:41:25|INFO|用户快捷登录：|00000000037
2016-09-02 17:44:16|INFO|用户快捷登录：|00000000037
2016-09-02 17:45:33|INFO|用户快捷登录：|00000000037
2016-09-02 17:47:01|INFO|用户快捷登录：|00000000037
2016-09-02 18:01:14|INFO|用户快捷登录：|00000000037
2016-09-02 18:01:28|INFO|DDZ2016090250559710 扫码出库|6921734976512
2016-09-02 18:01:34|INFO|订单转库出库|DDZ2016090250559710
2016-09-02 18:01:34|INFO|订单转库入库流水完成|DDZ2016090250559710
2016-09-02 18:01:34|INFO|订单转库入库|DDZ2016090250559710
2016-09-02 18:02:54|INFO|9 库存不足 1
2016-09-02 18:02:55|INFO|9 库存不足 1
2016-09-02 18:03:00|INFO|DDZ2016090251565299 扫码出库|6921734976512
2016-09-02 18:03:08|INFO|订单转库出库|DDZ2016090251565299
2016-09-02 18:03:08|INFO|订单转库入库流水完成|DDZ2016090251565299
2016-09-02 18:03:08|INFO|订单转库入库|DDZ2016090251565299
2016-09-02 18:13:51|INFO|用户快捷登录：|00000000037
2016-09-02 18:14:05|INFO|DDZ2016090299509910 扫码出库|6921734976512
2016-09-02 18:15:27|INFO|用户快捷登录：|00000000037
2016-09-02 18:15:36|INFO|DDZ2016090254554810 扫码出库|6921734976512
2016-09-02 18:15:45|INFO|DDZ2016090254554810 修改信息 6921734976512 , 1|1
2016-09-02 18:16:27|INFO|用户快捷登录：|00000000037
2016-09-02 18:16:48|INFO|DDZ2016090252555610 扫码出库|6921734976512
2016-09-02 18:16:56|INFO|DDZ2016090252555610 修改信息 6921734976512 , 1|1
2016-09-02 20:18:19|INFO|用户快捷登录：|00000000037
2016-09-02 20:27:43|INFO|用户快捷登录：|00000000037
2016-09-02 20:28:06|INFO| 库： 13  废弃操作 库存：|0
2016-09-02 20:47:27|INFO|用户快捷登录：|00000000037
2016-09-02 21:23:48|INFO|用户快捷登录：|00000000037
2016-09-02 21:25:48|INFO|用户快捷登录：|00000000037
2016-09-02 21:26:44|INFO|用户快捷登录：|00000000037
2016-09-02 21:28:26|INFO|用户快捷登录：|00000000037
2016-09-02 21:29:45|INFO|用户快捷登录：|00000000037
2016-09-02 21:32:55|INFO|用户快捷登录：|00000000037
2016-09-02 21:39:15|INFO|用户快捷登录：|00000000037
2016-09-02 21:41:37|INFO|用户快捷登录：|00000000037
2016-09-02 21:47:40|INFO|用户快捷登录：|00000000037
2016-09-02 21:57:13|INFO|用户快捷登录：|00000000037
