2016-09-14 11:42:43|INFO|用户快捷登录：|00000000136
2016-09-14 14:05:22|INFO|用户快捷登录：|00000000037
2016-09-14 14:08:14|INFO|DDR2016091449555355|6924090700135
2016-09-14 14:08:14|INFO|类别未登录：|6924090700135
2016-09-14 14:08:17|INFO|DDR2016091449555355|6924090700135
2016-09-14 14:08:17|INFO|DDR2016091449555355|6924090700135
2016-09-14 14:08:19|INFO|DDR2016091449555355|6924090700135
2016-09-14 14:08:23|INFO|DDR2016091449555355|2914096700134
2016-09-14 14:08:23|INFO|条码未登录：|2914096700134
2016-09-14 14:08:24|INFO|DDR2016091449555355|6924090700135
2016-09-14 14:08:25|INFO|DDR2016091449555355|6924090700135
2016-09-14 14:08:34|INFO|DDR2016091449515254|6924090700135
2016-09-14 14:08:34|INFO|类别未登录：|6924090700135
2016-09-14 14:08:37|INFO|DDR2016091449515254|6924090700135
2016-09-14 14:08:39|INFO|DDR2016091449515254|6924090700135
2016-09-14 14:08:40|INFO|DDR2016091449515254|6924090700135
2016-09-14 14:08:41|INFO|DDR2016091449515254|6924090700135
2016-09-14 14:10:06|INFO|订单入库|DDR2016091449515254
2016-09-14 14:10:18|INFO|9 库存不足 1
2016-09-14 14:10:18|INFO|9 库存不足 1
2016-09-14 14:10:22|INFO|9 库存不足 1
2016-09-14 14:10:51|INFO|9 库存不足 1
2016-09-14 14:10:54|INFO|9 库存不足 1
2016-09-14 14:11:23|INFO|9 库存不足 1
2016-09-14 14:32:38|INFO|用户快捷登录：|00000000037
2016-09-14 14:32:59|INFO|用户快捷登录：|00000000037
2016-09-14 14:57:59|INFO|用户快捷登录：|00000000037
2016-09-14 14:58:09|INFO|用户快捷登录：|00000000037
2016-09-14 14:58:14|INFO|用户快捷登录：|00000000037
2016-09-14 15:07:29|INFO|用户登录：|18513363627
2016-09-14 15:13:53|INFO|用户快捷登录：|00000000037
