2016-09-05 10:07:23|INFO|用户快捷登录：|00000000037
2016-09-05 13:38:27|INFO|用户快捷登录：|00000000037
2016-09-05 13:40:35|INFO|用户快捷登录：|00000000037
2016-09-05 13:45:06|INFO|用户快捷登录：|00000000037
2016-09-05 13:50:42|INFO|用户快捷登录：|00000000037
2016-09-05 14:13:28|INFO|用户快捷登录：|00000000037
2016-09-05 14:16:10|INFO|用户快捷登录：|00000000037
2016-09-05 14:18:29|INFO|用户快捷登录：|00000000037
2016-09-05 14:42:01|INFO|用户快捷登录：|00000000037
2016-09-05 14:44:25|INFO|用户快捷登录：|00000000037
2016-09-05 15:01:38|INFO|用户快捷登录：|00000000077
2016-09-05 15:06:44|INFO|用户快捷登录：|00000000037
2016-09-05 16:02:29|INFO|用户快捷登录：|00000000037
2016-09-05 16:06:18|INFO|用户快捷登录：|00000000037
2016-09-05 16:07:00|INFO|用户快捷登录：|00000000037
2016-09-05 16:08:50|INFO|用户快捷登录：|00000000037
2016-09-05 16:10:00|INFO|用户快捷登录：|00000000037
2016-09-05 16:13:20|INFO|用户快捷登录：|00000000037
2016-09-05 16:15:12|INFO|用户快捷登录：|00000000037
2016-09-05 16:23:30|INFO|用户快捷登录：|00000000037
2016-09-05 16:24:30|INFO|用户快捷登录：|00000000037
2016-09-05 16:38:17|INFO|用户快捷登录：|00000000037
2016-09-05 16:46:13|INFO|用户快捷登录：|00000000037
2016-09-05 16:47:29|INFO|用户快捷登录：|00000000037
2016-09-05 16:51:22|INFO|用户快捷登录：|00000000037
2016-09-05 16:54:25|INFO|用户快捷登录：|00000000037
2016-09-05 16:55:36|INFO|用户快捷登录：|00000000037
2016-09-05 16:59:56|INFO|用户快捷登录：|00000000037
2016-09-05 17:01:53|INFO|用户快捷登录：|00000000037
2016-09-05 17:03:22|INFO|用户快捷登录：|00000000037
2016-09-05 17:04:16|INFO|用户快捷登录：|00000000037
2016-09-05 17:05:12|INFO|用户快捷登录：|00000000037
2016-09-05 17:07:29|INFO|用户快捷登录：|00000000037
2016-09-05 17:30:18|INFO|用户快捷登录：|00000000037
2016-09-05 17:38:36|INFO|用户快捷登录：|00000000037
2016-09-05 17:38:53|INFO|用户快捷登录：|00000000037
2016-09-05 17:40:48|INFO|用户快捷登录：|00000000037
2016-09-05 17:42:10|INFO|用户快捷登录：|00000000037
2016-09-05 17:46:10|INFO|用户快捷登录：|00000000037
2016-09-05 18:04:01|INFO|用户快捷登录：|00000000037
2016-09-05 18:05:28|INFO|用户快捷登录：|00000000037
2016-09-05 18:06:44|INFO|用户快捷登录：|00000000037
2016-09-05 18:09:08|INFO|用户快捷登录：|00000000037
2016-09-05 18:15:39|INFO|用户快捷登录：|00000000037
2016-09-05 18:15:55|INFO|用户快捷登录：|00000000037
2016-09-05 18:16:46|INFO|用户快捷登录：|00000000037
2016-09-05 18:17:57|INFO|用户登录：|18513363627
2016-09-05 18:18:25|INFO|用户快捷登录：|00000000037
2016-09-05 18:18:38|INFO|用户快捷登录：|00000000037
2016-09-05 18:22:19|INFO|用户登录：|18513363627
2016-09-05 18:22:36|INFO|用户快捷登录：|00000000037
2016-09-05 18:25:30|INFO|用户快捷登录：|00000000037
2016-09-05 18:30:52|INFO|用户快捷登录：|00000000037
2016-09-05 18:57:53|INFO|用户快捷登录：|00000000037
2016-09-05 19:04:19|INFO|用户快捷登录：|00000000037
2016-09-05 19:06:14|INFO|用户快捷登录：|00000000037
2016-09-05 19:07:44|INFO|用户快捷登录：|00000000037
2016-09-05 19:08:26|INFO|用户快捷登录：|00000000037
2016-09-05 19:13:35|INFO|用户快捷登录：|00000000037
2016-09-05 19:14:03|INFO|用户快捷登录：|00000000037
2016-09-05 19:15:12|INFO|用户快捷登录：|00000000037
2016-09-05 20:16:14|INFO|用户快捷登录：|00000000037
2016-09-05 20:16:26|INFO|用户快捷登录：|00000000037
2016-09-05 20:17:47|INFO|用户快捷登录：|00000000037
2016-09-05 20:18:16|INFO|用户快捷登录：|00000000037
2016-09-05 20:20:03|INFO|用户快捷登录：|00000000037
2016-09-05 20:21:18|INFO|用户快捷登录：|00000000037
2016-09-05 20:23:25|INFO|用户快捷登录：|00000000037
2016-09-05 20:33:43|INFO|用户快捷登录：|00000000037
2016-09-05 20:51:12|INFO|用户快捷登录：|00000000037
2016-09-05 20:51:41|INFO|用户快捷登录：|00000000037
2016-09-05 20:53:12|INFO|用户快捷登录：|00000000037
2016-09-05 20:54:52|INFO|用户快捷登录：|00000000037
2016-09-05 21:15:45|INFO|用户快捷登录：|00000000037
2016-09-05 21:16:09|INFO|用户快捷登录：|00000000037
2016-09-05 21:16:29|INFO|用户快捷登录：|00000000037
2016-09-05 21:18:37|INFO|用户快捷登录：|00000000037
2016-09-05 21:18:48|INFO|9 库存不足 1
2016-09-05 21:18:50|INFO|9 库存不足 1
2016-09-05 21:18:59|INFO|DDR2016090549101100|6921734976512
2016-09-05 21:18:59|INFO|类别未登录：|6921734976512
2016-09-05 21:19:18|INFO|订单入库|DDR2016090549101100
2016-09-05 21:19:26|INFO|DDR2016090510050565|6921734976512
2016-09-05 21:19:26|INFO|类别未登录：|6921734976512
2016-09-05 21:19:59|INFO|用户快捷登录：|00000000037
2016-09-05 21:21:17|INFO|用户快捷登录：|00000000037
2016-09-05 21:24:03|INFO|用户快捷登录：|00000000037
2016-09-05 21:26:18|INFO|用户快捷登录：|00000000037
2016-09-05 21:29:04|INFO|用户快捷登录：|00000000037
2016-09-05 21:33:06|INFO|用户快捷登录：|00000000037
2016-09-05 21:35:48|INFO|用户快捷登录：|00000000037
2016-09-05 21:39:32|INFO|用户快捷登录：|00000000037
2016-09-05 21:40:11|INFO|9 库存不足 1
2016-09-05 21:40:12|INFO|9 库存不足 1
2016-09-05 21:40:17|INFO|9 库存不足 1
2016-09-05 21:40:26|INFO|9 库存不足 1
2016-09-05 21:43:05|INFO|用户快捷登录：|00000000037
2016-09-05 21:45:29|INFO|DDR2016090510050565|6921734976512
2016-09-05 21:45:42|INFO|用户快捷登录：|00000000037
2016-09-05 21:49:14|INFO|用户快捷登录：|00000000037
2016-09-05 21:52:44|INFO|用户快捷登录：|00000000037
2016-09-05 23:05:25|INFO|用户快捷登录：|00000000037
