2016-09-01 12:28:39|INFO|用户快捷登录：|00000000077
2016-09-01 15:27:29|INFO|用户快捷登录：|00000000077
2016-09-01 15:30:38|INFO|用户快捷登录：|00000000077
2016-09-01 15:30:42|INFO|test:root2 1 >< |100
2016-09-01 15:30:42|INFO|DDC2016090148975110 扫码出库|6921734976512
2016-09-01 15:34:20|INFO|用户快捷登录：|00000000077
2016-09-01 15:34:35|INFO|test:root2 1 >< |100
2016-09-01 15:34:35|INFO|DDC2016090155102519 扫码出库|6921734976512
2016-09-01 15:38:25|INFO|用户快捷登录：|00000000077
2016-09-01 15:38:45|INFO|test:root2 1 >< |100
2016-09-01 15:38:45|INFO|DDC2016090148541025 扫码出库|6921734976512
2016-09-01 15:41:36|INFO|用户快捷登录：|00000000077
2016-09-01 15:41:42|INFO|test:root2 1 >< |100
2016-09-01 15:41:42|INFO|DDC2016090151575653 扫码出库|6921734976512
2016-09-01 15:42:03|INFO|test:root2 1 >< |100
2016-09-01 15:42:03|INFO|DDC2016090156991019 扫码出库|6921734976512
2016-09-01 15:42:11|INFO|DDC2016090156991019 修改信息 6921734976512 , 10|1
2016-09-01 15:44:03|INFO|用户快捷登录：|00000000077
2016-09-01 15:44:12|INFO|test:root2 1 >< |100
2016-09-01 15:44:12|INFO|DDC2016090155521015 扫码出库|6921734976512
2016-09-01 15:44:39|INFO|DDC2016090155521015 修改信息 6921734976512 , 1.000|1
2016-09-01 15:44:52|INFO|用户快捷登录：|00000000077
2016-09-01 15:44:56|INFO|test:root2 1 >< |100
2016-09-01 15:44:56|INFO|DDC2016090154100505 扫码出库|6921734976512
2016-09-01 15:46:19|INFO|用户快捷登录：|00000000077
2016-09-01 15:46:27|INFO|test:root2 1 >< |100
2016-09-01 15:46:27|INFO|DDC2016090149565452 扫码出库|6921734976512
2016-09-01 15:47:01|INFO|test:root2 1 >< 
2016-09-01 15:47:01|INFO|9 库存不足 1
2016-09-01 15:49:04|INFO|test:root2 1 >< |100
2016-09-01 15:49:04|INFO|DDC2016090197971024 扫码出库|6921734976512
2016-09-01 15:49:29|INFO|DDC2016090197971024 修改信息 6921734976512 , 1.000|1
2016-09-01 15:54:58|INFO|test:root2 1 >< |100
2016-09-01 15:54:58|INFO|DDC2016090110250481 扫码出库|6921734976512
2016-09-01 15:55:15|INFO|用户快捷登录：|00000000077
2016-09-01 15:55:46|INFO|test:root2 1 >< |100
2016-09-01 15:55:46|INFO|DDC2016090148525454 扫码出库|6921734976512
2016-09-01 15:56:27|INFO|用户快捷登录：|00000000077
2016-09-01 15:56:32|INFO|test:root2 1 >< |100
2016-09-01 15:56:32|INFO|DDC2016090110010099 扫码出库|6921734976512
2016-09-01 16:01:58|INFO|用户快捷登录：|00000000077
2016-09-01 16:05:22|INFO|用户快捷登录：|00000000077
2016-09-01 16:05:28|INFO|test:root2 1 >< |100
2016-09-01 16:05:28|INFO|DDC2016090154504955 扫码出库|6921734976512
2016-09-01 16:07:18|INFO|用户快捷登录：|00000000077
2016-09-01 16:07:24|INFO|test:root2 1 >< |100
2016-09-01 16:07:24|INFO|DDC2016090197519757 扫码出库|6921734976512
2016-09-01 16:07:46|INFO|test:root2 1 >< 
2016-09-01 16:07:46|INFO|9 库存不足 1
2016-09-01 16:09:45|INFO|用户快捷登录：|00000000077
2016-09-01 16:09:50|INFO|test:root2 1 >< |100
2016-09-01 16:09:50|INFO|DDC2016090199525156 扫码出库|6921734976512
2016-09-01 16:16:06|INFO|用户快捷登录：|00000000077
2016-09-01 16:16:11|INFO|test:root2 1 >< |100
2016-09-01 16:16:11|INFO|DDC2016090156575455 扫码出库|6921734976512
2016-09-01 16:17:27|INFO|用户快捷登录：|00000000077
2016-09-01 16:17:32|INFO|test:root2 1 >< |100
2016-09-01 16:17:32|INFO|DDC2016090157100555 扫码出库|6921734976512
2016-09-01 16:20:21|INFO|用户快捷登录：|00000000077
2016-09-01 16:20:28|INFO|test:root2 1 >< |100
2016-09-01 16:20:28|INFO|DDC2016090156981025 扫码出库|6921734976512
2016-09-01 16:20:43|INFO|DDC2016090156981025 修改信息 6921734976512 , 1.000|1
2016-09-01 16:24:37|INFO|用户快捷登录：|00000000077
2016-09-01 16:24:44|INFO|test:root2 1 >< |100
2016-09-01 16:24:44|INFO|DDC2016090156509797 扫码出库|6921734976512
2016-09-01 16:24:53|INFO|DDC2016090156509797 修改信息 6921734976512 , 1.000|1
2016-09-01 16:25:15|INFO|DDC2016090156509797 修改信息 6921734976512 , 1.000|1
2016-09-01 16:26:50|INFO|DDR2016090156515651|6921734976512
2016-09-01 16:26:50|INFO|类别未登录：|6921734976512
2016-09-01 16:27:43|INFO|test:root2 1 >< |100
2016-09-01 16:27:43|INFO|DDC2016090110054549 扫码出库|6921734976512
2016-09-01 16:27:50|INFO|test:root2 1 >< |100
2016-09-01 16:27:50|INFO|DDC2016090152575654 扫码出库|6921734976512
2016-09-01 16:31:16|INFO|DDC2016090152575654 修改信息 6921734976512 , 1.000|1
2016-09-01 16:31:29|INFO|DDR2016090198100555|6921734976512
2016-09-01 16:31:29|INFO|类别未登录：|6921734976512
2016-09-01 16:32:04|INFO|用户快捷登录：|00000000077
2016-09-01 16:32:11|INFO|DDR2016090157505699|6921734976512
2016-09-01 16:32:11|INFO|类别未登录：|6921734976512
2016-09-01 16:34:06|INFO|DDR2016090198539910|6921734976512
2016-09-01 16:34:06|INFO|类别未登录：|6921734976512
2016-09-01 16:36:07|INFO|用户快捷登录：|00000000077
2016-09-01 16:36:14|INFO|DDR2016090198551005|6921734976512
2016-09-01 16:36:14|INFO|类别未登录：|6921734976512
2016-09-01 16:37:49|INFO|用户快捷登录：|00000000077
2016-09-01 16:37:57|INFO|DDR2016090150514854|6921734976512
2016-09-01 16:37:57|INFO|类别未登录：|6921734976512
2016-09-01 16:42:01|INFO|用户快捷登录：|00000000077
2016-09-01 16:42:16|INFO|test:root2 1 >< |100
2016-09-01 16:42:16|INFO|DDC2016090154565710 扫码出库|6921734976512
2016-09-01 16:42:26|INFO|DDC2016090154565710 修改信息 6921734976512 , 1.000|1
2016-09-01 16:44:06|INFO|用户快捷登录：|00000000077
2016-09-01 16:44:12|INFO|test:root2 1 >< |100
2016-09-01 16:44:12|INFO|DDC2016090157101551 扫码出库|6921734976512
2016-09-01 16:44:21|INFO|DDC2016090157101551 修改信息 6921734976512 , 1.000|1
2016-09-01 16:46:02|INFO|用户快捷登录：|00000000077
2016-09-01 16:46:08|INFO|test:root2 1 >< |100
2016-09-01 16:46:08|INFO|DDC2016090199521005 扫码出库|6921734976512
2016-09-01 16:46:17|INFO|DDC2016090199521005 修改信息 6921734976512 , 1.000|1
2016-09-01 16:46:40|INFO|DDC2016090199521005 修改信息 6921734976512 , 1.000|1
2016-09-01 16:46:53|INFO|用户快捷登录：|00000000077
2016-09-01 16:47:10|INFO|test:root2 1 >< |100
2016-09-01 16:47:10|INFO|DDC2016090199521001 扫码出库|6921734976512
2016-09-01 16:47:54|INFO|用户快捷登录：|00000000077
2016-09-01 16:48:07|INFO|test:root2 1 >< |100
2016-09-01 16:48:07|INFO|DDC2016090151575110 扫码出库|6921734976512
2016-09-01 16:49:54|INFO|用户快捷登录：|00000000077
2016-09-01 16:49:59|INFO|test:root2 1 >< |100
2016-09-01 16:49:59|INFO|DDC2016090153999857 扫码出库|6921734976512
2016-09-01 16:50:07|INFO|DDC2016090153999857 修改信息 6921734976512 , 1.000|1
2016-09-01 16:50:39|INFO|用户快捷登录：|00000000077
2016-09-01 16:50:45|INFO|test:root2 1 >< |100
2016-09-01 16:50:45|INFO|DDC2016090149102481 扫码出库|6921734976512
2016-09-01 16:50:54|INFO|DDC2016090149102481 修改信息 6921734976512 , 1.000|1
2016-09-01 16:52:55|INFO|test:root2 1 >< |100
2016-09-01 16:52:55|INFO|DDC2016090152564999 扫码出库|6921734976512
2016-09-01 16:53:06|INFO|DDC2016090152564999 修改信息 6921734976512 , 1.000|1
2016-09-01 16:54:15|INFO|DDC2016090152564999 修改信息 6921734976512 , 100|1
2016-09-01 16:54:20|INFO|DDC2016090152564999 修改信息 6921734976512 , 100|1
2016-09-01 16:55:38|INFO|DDR2016090154565049|6921734976512
2016-09-01 16:55:38|INFO|类别未登录：|6921734976512
2016-09-01 16:56:03|INFO|DDR2016090154565049|6921734976512
2016-09-01 17:03:49|INFO|用户快捷登录：|00000000077
2016-09-01 17:07:51|INFO|用户快捷登录：|00000000077
2016-09-01 17:10:48|INFO|用户快捷登录：|00000000077
2016-09-01 17:26:03|INFO|用户快捷登录：|00000000077
2016-09-01 17:36:34|INFO|用户快捷登录：|00000000077
2016-09-01 17:36:40|INFO|test:root2 1 >< |100
2016-09-01 17:36:40|INFO|DDC2016090153525150 扫码出库|6921734976512
2016-09-01 17:41:50|INFO|用户快捷登录：|00000000077
2016-09-01 17:49:06|INFO|用户快捷登录：|00000000037
2016-09-01 17:49:23|INFO|DDC2016090156559810 扫码出库|6921734976512
2016-09-01 17:49:43|INFO|DDC2016090156559810 4
2016-09-01 17:49:43|INFO|DDC2016090156559810 修改信息 6921734976512 , 30|1
2016-09-01 17:49:43|INFO|DDC2016090156559810 5
2016-09-01 17:49:43|INFO|DDC2016090156559810 1
2016-09-01 17:49:43|INFO|DDC2016090156559810 1
2016-09-01 17:49:43|INFO|DDC2016090156559810 3
2016-09-01 17:50:14|INFO|DDC2016090156559810 4
2016-09-01 17:50:14|INFO|DDC2016090156559810 修改信息 6921734976512 , 30.000|1
2016-09-01 17:50:14|INFO|DDC2016090156559810 5
2016-09-01 17:50:14|INFO|DDC2016090156559810 1
2016-09-01 17:50:14|INFO|DDC2016090156559810 1
2016-09-01 17:50:14|INFO|DDC2016090156559810 3
2016-09-01 17:51:46|INFO|用户快捷登录：|00000000077
2016-09-01 17:52:13|INFO|DDC2016090154535751 扫码出库|6921734976512
2016-09-01 17:52:53|INFO|9 库存不足 1
2016-09-01 17:55:58|INFO|用户快捷登录：|00000000077
2016-09-01 17:56:22|INFO|DDC2016090151991001 扫码出库|6921734976512
2016-09-01 17:56:35|INFO|DDC2016090151991001 4
2016-09-01 17:56:35|INFO|DDC2016090151991001 修改信息 6921734976512 , 1|1
2016-09-01 17:56:35|INFO|DDC2016090151991001 5
2016-09-01 17:56:35|INFO|DDC2016090151991001 1
2016-09-01 17:56:35|INFO|DDC2016090151991001 1
2016-09-01 17:56:35|INFO|DDC2016090151991001 3
2016-09-01 18:00:05|INFO|DDC2016090151499797 扫码出库|6921734976512
2016-09-01 18:00:12|INFO|DDC2016090151499797 4
2016-09-01 18:00:12|INFO|DDC2016090151499797 修改信息 6921734976512 , 1|1
2016-09-01 18:00:12|INFO|DDC2016090151499797 5
2016-09-01 18:00:12|INFO|DDC2016090151499797 1
2016-09-01 18:00:12|INFO|DDC2016090151499797 1
2016-09-01 18:00:12|INFO|DDC2016090151499797 3
2016-09-01 18:09:35|INFO|用户快捷登录：|00000000077
2016-09-01 18:09:57|INFO|DDC2016090152495798 扫码出库|6921734976512
2016-09-01 18:10:14|INFO|DDC2016090152495798 4
2016-09-01 18:10:14|INFO|DDC2016090152495798 修改信息 6921734976512 , 10|1
2016-09-01 18:10:14|INFO|DDC2016090152495798 5
2016-09-01 18:10:14|INFO|DDC2016090152495798 1
2016-09-01 18:10:14|INFO|DDC2016090152495798 1
2016-09-01 18:10:14|INFO|DDC2016090152495798 3
2016-09-01 18:11:40|INFO|用户快捷登录：|00000000077
2016-09-01 18:11:47|INFO|DDC2016090148971011 扫码出库|6921734976512
2016-09-01 18:11:56|INFO|DDC2016090148971011 修改信息 6921734976512 , 1|1
2016-09-01 18:15:38|INFO|用户快捷登录：|00000000077
2016-09-01 22:42:18|INFO|用户登录：|18513363627
2016-09-01 22:43:58|INFO|用户快捷登录：|00000000037
2016-09-01 22:45:24|INFO|用户快捷登录：|00000000037
2016-09-01 22:50:02|INFO|用户快捷登录：|00000000037
2016-09-01 22:53:35|INFO|用户快捷登录：|00000000037
2016-09-01 22:54:24|INFO|用户快捷登录：|00000000037
2016-09-01 22:59:29|INFO|用户快捷登录：|00000000037
2016-09-01 23:00:37|INFO|用户快捷登录：|00000000037
2016-09-01 23:04:15|INFO|用户快捷登录：|00000000037
2016-09-01 23:15:55|INFO|用户快捷登录：|00000000037
2016-09-01 23:16:22|INFO|DDZ2016090110253514 扫码出库|6921734976512
2016-09-01 23:30:38|INFO|DDZ2016090110253514 扫码出库|6921734976512
2016-09-01 23:57:41|INFO|用户快捷登录：|00000000037
2016-09-01 23:57:51|INFO|DDZ2016090199545350 扫码出库|6921734976512
